2022-01-10 10:18:55.713 [restartedMain] DEBUG com.jias.page.JiasPageServeClientApplication.logStarting@56 - Running with Spring Boot v2.5.3, Spring v5.3.9
2022-02-16 09:28:19.065 [restartedMain] DEBUG com.jias.page.JiasPageServeClientApplication.logStarting@56 - Running with Spring Boot v2.5.3, Spring v5.3.9
2022-02-16 09:29:35.914 [restartedMain] DEBUG com.jias.page.JiasPageServeClientApplication.logStarting@56 - Running with Spring Boot v2.5.3, Spring v5.3.9
2022-02-16 10:16:28.382 [restartedMain] DEBUG com.jias.page.JiasPageServeClientApplication.logStarting@56 - Running with Spring Boot v2.5.3, Spring v5.3.9
2022-02-16 10:17:06.127 [restartedMain] DEBUG com.jias.page.JiasPageServeClientApplication.logStarting@56 - Running with Spring Boot v2.5.3, Spring v5.3.9
2022-02-21 10:16:52.640 [restartedMain] DEBUG com.jias.page.JiasPageServeClientApplication.logStarting@56 - Running with Spring Boot v2.5.3, Spring v5.3.9
2022-02-21 10:18:27.776 [restartedMain] DEBUG com.jias.page.JiasPageServeClientApplication.logStarting@56 - Running with Spring Boot v2.5.3, Spring v5.3.9
2022-02-21 10:19:04.719 [restartedMain] DEBUG com.jias.page.JiasPageServeClientApplication.logStarting@56 - Running with Spring Boot v2.5.3, Spring v5.3.9
2022-02-21 10:31:16.072 [restartedMain] DEBUG com.jias.page.JiasPageServeClientApplication.logStarting@56 - Running with Spring Boot v2.5.3, Spring v5.3.9
2022-02-21 10:32:06.867 [restartedMain] DEBUG com.jias.page.JiasPageServeClientApplication.logStarting@56 - Running with Spring Boot v2.5.3, Spring v5.3.9
2022-02-21 10:34:53.416 [restartedMain] DEBUG com.jias.page.JiasPageServeClientApplication.logStarting@56 - Running with Spring Boot v2.5.3, Spring v5.3.9
2022-02-21 10:38:47.427 [restartedMain] DEBUG com.jias.page.JiasPageServeClientApplication.logStarting@56 - Running with Spring Boot v2.5.3, Spring v5.3.9
2022-02-21 10:41:27.924 [restartedMain] DEBUG com.jias.page.JiasPageServeClientApplication.logStarting@56 - Running with Spring Boot v2.5.3, Spring v5.3.9
2022-02-21 10:46:08.828 [restartedMain] DEBUG com.jias.page.JiasPageServeClientApplication.logStarting@56 - Running with Spring Boot v2.5.3, Spring v5.3.9
2022-02-21 10:59:47.157 [restartedMain] DEBUG com.jias.page.JiasPageServeClientApplication.logStarting@56 - Running with Spring Boot v2.5.3, Spring v5.3.9
2022-02-21 11:07:49.902 [restartedMain] DEBUG com.jias.page.JiasPageServeClientApplication.logStarting@56 - Running with Spring Boot v2.5.3, Spring v5.3.9
2022-05-09 15:11:07.839 [restartedMain] DEBUG com.jias.page.JiasPageServeClientApplication.logStarting@56 - Running with Spring Boot v2.5.3, Spring v5.3.9
2022-08-17 16:38:26.047 [restartedMain] DEBUG com.jias.page.JiasPageServeClientApplication.logStarting@56 - Running with Spring Boot v2.5.3, Spring v5.3.9
2022-08-17 16:39:44.114 [restartedMain] DEBUG com.jias.page.JiasPageServeClientApplication.logStarting@56 - Running with Spring Boot v2.5.3, Spring v5.3.9
2022-08-17 16:54:42.537 [restartedMain] DEBUG com.jias.page.JiasPageServeClientApplication.logStarting@56 - Running with Spring Boot v2.5.3, Spring v5.3.9
2022-08-17 16:59:58.142 [restartedMain] DEBUG com.jias.page.JiasPageServeClientApplication.logStarting@56 - Running with Spring Boot v2.5.3, Spring v5.3.9
2022-08-17 17:05:40.990 [restartedMain] DEBUG com.jias.page.JiasPageServeClientApplication.logStarting@56 - Running with Spring Boot v2.5.3, Spring v5.3.9
2022-08-17 17:12:06.416 [restartedMain] DEBUG com.jias.page.JiasPageServeClientApplication.logStarting@56 - Running with Spring Boot v2.5.3, Spring v5.3.9
2022-08-17 17:23:05.690 [restartedMain] DEBUG com.jias.page.JiasPageServeClientApplication.logStarting@56 - Running with Spring Boot v2.5.3, Spring v5.3.9
2022-08-17 17:27:12.423 [restartedMain] DEBUG com.jias.page.JiasPageServeClientApplication.logStarting@56 - Running with Spring Boot v2.5.3, Spring v5.3.9
2022-08-29 16:56:05.668 [restartedMain] DEBUG com.jias.page.JiasPageServeAdminApplication.logStarting@56 - Running with Spring Boot v2.5.3, Spring v5.3.9
2022-08-29 16:57:43.893 [restartedMain] DEBUG com.jias.page.JiasPageServeAdminApplication.logStarting@56 - Running with Spring Boot v2.5.3, Spring v5.3.9
2022-08-29 18:22:04.984 [restartedMain] DEBUG com.jias.page.JiasPageServeAdminApplication.logStarting@56 - Running with Spring Boot v2.5.3, Spring v5.3.9
2022-08-29 18:59:06.905 [restartedMain] DEBUG com.jias.page.JiasPageServeAdminApplication.logStarting@56 - Running with Spring Boot v2.5.3, Spring v5.3.9
2022-08-30 14:58:51.812 [restartedMain] DEBUG com.jias.page.JiasPageServeAdminApplication.logStarting@56 - Running with Spring Boot v2.5.3, Spring v5.3.9
2022-08-31 10:28:01.300 [restartedMain] DEBUG com.jias.page.JiasPageServeAdminApplication.logStarting@56 - Running with Spring Boot v2.5.3, Spring v5.3.9
2022-08-31 10:33:12.294 [restartedMain] DEBUG com.jias.page.JiasPageServeAdminApplication.logStarting@56 - Running with Spring Boot v2.5.3, Spring v5.3.9
2022-08-31 10:33:18.488 [restartedMain] DEBUG com.jias.page.JiasPageServeAdminApplication.logStarting@56 - Running with Spring Boot v2.5.3, Spring v5.3.9
2022-08-31 10:33:19.810 [restartedMain] DEBUG com.jias.page.JiasPageServeAdminApplication.logStarting@56 - Running with Spring Boot v2.5.3, Spring v5.3.9
2022-08-31 10:38:46.144 [restartedMain] DEBUG com.jias.page.JiasPageServeAdminApplication.logStarting@56 - Running with Spring Boot v2.5.3, Spring v5.3.9
2022-09-03 14:19:15.654 [restartedMain] DEBUG com.jias.page.JiasPageServeAdminApplication.logStarting@56 - Running with Spring Boot v2.5.3, Spring v5.3.9
2022-09-03 14:19:55.000 [restartedMain] DEBUG com.jias.page.JiasPageServeAdminApplication.logStarting@56 - Running with Spring Boot v2.5.3, Spring v5.3.9
2022-09-03 15:23:07.553 [restartedMain] DEBUG com.jias.page.JiasPageServeAdminApplication.logStarting@56 - Running with Spring Boot v2.5.3, Spring v5.3.9
2022-09-03 16:33:41.414 [restartedMain] DEBUG com.jias.page.JiasPageServeAdminApplication.logStarting@56 - Running with Spring Boot v2.5.3, Spring v5.3.9
2022-09-03 17:43:38.389 [restartedMain] DEBUG com.jias.page.JiasPageServeAdminApplication.logStarting@56 - Running with Spring Boot v2.5.3, Spring v5.3.9
2022-09-03 18:01:46.286 [restartedMain] DEBUG com.jias.page.JiasPageServeAdminApplication.logStarting@56 - Running with Spring Boot v2.5.3, Spring v5.3.9
2022-09-03 18:13:17.594 [restartedMain] DEBUG com.jias.page.JiasPageServeAdminApplication.logStarting@56 - Running with Spring Boot v2.5.3, Spring v5.3.9
2022-09-03 18:13:36.877 [http-nio-9999-exec-1] DEBUG com.jias.page.intercept.RequestIntercept.preHandle@16 - /admin/user/login
2022-09-03 18:14:14.943 [restartedMain] DEBUG com.jias.page.JiasPageServeAdminApplication.logStarting@56 - Running with Spring Boot v2.5.3, Spring v5.3.9
2022-09-03 20:09:30.271 [http-nio-9999-exec-1] DEBUG com.jias.page.intercept.RequestIntercept.preHandle@16 - /admin/user/login
2022-09-03 20:09:35.453 [http-nio-9999-exec-2] DEBUG com.jias.page.intercept.RequestIntercept.preHandle@16 - /admin/user/login
2022-09-03 20:09:35.456 [http-nio-9999-exec-3] DEBUG com.jias.page.intercept.RequestIntercept.preHandle@16 - /admin/user/validateCode
2022-09-03 20:09:35.457 [http-nio-9999-exec-5] DEBUG com.jias.page.intercept.RequestIntercept.preHandle@16 - /admin/user/validateCode
2022-09-03 20:09:35.457 [http-nio-9999-exec-4] DEBUG com.jias.page.intercept.RequestIntercept.preHandle@16 - /admin/user/validateCode
2022-09-03 20:09:35.457 [http-nio-9999-exec-6] DEBUG com.jias.page.intercept.RequestIntercept.preHandle@16 - /admin/user/validateCode
2022-09-03 20:09:40.668 [http-nio-9999-exec-7] DEBUG com.jias.page.intercept.RequestIntercept.preHandle@16 - /admin/user/validateCode
2022-09-03 20:09:42.925 [http-nio-9999-exec-8] DEBUG com.jias.page.intercept.RequestIntercept.preHandle@16 - /admin/user/login
2022-09-03 20:10:02.565 [http-nio-9999-exec-9] DEBUG com.jias.page.intercept.RequestIntercept.preHandle@16 - /admin/user/login
2022-09-03 20:11:05.936 [http-nio-9999-exec-10] DEBUG com.jias.page.intercept.RequestIntercept.preHandle@16 - /admin/user/validateCode
2022-09-03 20:34:47.450 [http-nio-9999-exec-2] DEBUG com.jias.page.intercept.RequestIntercept.preHandle@16 - /admin/user/validateCode
2022-09-03 20:34:55.890 [http-nio-9999-exec-1] DEBUG com.jias.page.intercept.RequestIntercept.preHandle@16 - /admin/user/validateCode
2022-09-03 20:34:59.089 [http-nio-9999-exec-6] DEBUG com.jias.page.intercept.RequestIntercept.preHandle@16 - /admin/user/validateCode
2022-09-03 20:35:04.464 [http-nio-9999-exec-3] DEBUG com.jias.page.intercept.RequestIntercept.preHandle@16 - /admin/user/validateCode
2022-09-03 20:35:05.683 [http-nio-9999-exec-5] DEBUG com.jias.page.intercept.RequestIntercept.preHandle@16 - /admin/user/validateCode
2022-09-03 20:35:08.614 [http-nio-9999-exec-4] DEBUG com.jias.page.intercept.RequestIntercept.preHandle@16 - /admin/user/validateCode
2022-09-03 20:38:04.988 [http-nio-9999-exec-7] DEBUG com.jias.page.intercept.RequestIntercept.preHandle@16 - /admin/user/validateCode
2022-09-03 20:38:08.844 [http-nio-9999-exec-8] DEBUG com.jias.page.intercept.RequestIntercept.preHandle@16 - /admin/user/validateCode
2022-09-03 20:38:17.337 [http-nio-9999-exec-9] DEBUG com.jias.page.intercept.RequestIntercept.preHandle@16 - /admin/user/validateCode
2023-03-01 23:47:02.212 [restartedMain] DEBUG com.jias.page.JiasPageServeAdminApplication.logStarting@56 - Running with Spring Boot v2.5.3, Spring v5.3.9
2023-03-01 23:55:40.520 [http-nio-9999-exec-8] DEBUG com.jias.page.intercept.RequestIntercept.preHandle@16 - /admin/doc.html
2023-03-01 23:55:40.555 [http-nio-9999-exec-9] DEBUG com.jias.page.intercept.RequestIntercept.preHandle@16 - /admin/webjars/css/app.ff80f646.css
2023-03-01 23:55:40.555 [http-nio-9999-exec-10] DEBUG com.jias.page.intercept.RequestIntercept.preHandle@16 - /admin/webjars/css/chunk-vendors.7c767628.css
2023-03-01 23:55:40.560 [http-nio-9999-exec-1] DEBUG com.jias.page.intercept.RequestIntercept.preHandle@16 - /admin/webjars/js/app.0f2f48b5.js
2023-03-01 23:55:40.560 [http-nio-9999-exec-2] DEBUG com.jias.page.intercept.RequestIntercept.preHandle@16 - /admin/webjars/js/chunk-vendors.9a4add2b.js
2023-03-01 23:55:40.579 [http-nio-9999-exec-3] DEBUG com.jias.page.intercept.RequestIntercept.preHandle@16 - /admin/webjars/css/chunk-62d2fe18.8274cf04.css
2023-03-01 23:55:40.582 [http-nio-9999-exec-4] DEBUG com.jias.page.intercept.RequestIntercept.preHandle@16 - /admin/webjars/js/chunk-0c58d94d.d009b662.js
2023-03-01 23:55:40.585 [http-nio-9999-exec-5] DEBUG com.jias.page.intercept.RequestIntercept.preHandle@16 - /admin/webjars/js/chunk-0fd67716.d57e2c41.js
2023-03-01 23:55:40.588 [http-nio-9999-exec-3] DEBUG com.jias.page.intercept.RequestIntercept.preHandle@16 - /admin/webjars/js/chunk-2d0af44e.c09671a4.js
2023-03-01 23:55:40.588 [http-nio-9999-exec-6] DEBUG com.jias.page.intercept.RequestIntercept.preHandle@16 - /admin/webjars/js/chunk-214218f0.92c7a521.js
2023-03-01 23:55:40.588 [http-nio-9999-exec-8] DEBUG com.jias.page.intercept.RequestIntercept.preHandle@16 - /admin/webjars/js/chunk-2d0bd799.5bb1a14e.js
2023-03-01 23:55:40.592 [http-nio-9999-exec-10] DEBUG com.jias.page.intercept.RequestIntercept.preHandle@16 - /admin/webjars/js/chunk-2d0d0b98.4693c46e.js
2023-03-01 23:55:40.595 [http-nio-9999-exec-9] DEBUG com.jias.page.intercept.RequestIntercept.preHandle@16 - /admin/webjars/js/chunk-2d0da532.a47fb5c8.js
2023-03-01 23:55:40.598 [http-nio-9999-exec-1] DEBUG com.jias.page.intercept.RequestIntercept.preHandle@16 - /admin/webjars/js/chunk-2d22269d.fc57b306.js
2023-03-01 23:55:40.599 [http-nio-9999-exec-4] DEBUG com.jias.page.intercept.RequestIntercept.preHandle@16 - /admin/webjars/js/chunk-589faee0.1cf66f6d.js
2023-03-01 23:55:40.599 [http-nio-9999-exec-7] DEBUG com.jias.page.intercept.RequestIntercept.preHandle@16 - /admin/webjars/js/chunk-3b888a65.8737ce4f.js
2023-03-01 23:55:40.600 [http-nio-9999-exec-2] DEBUG com.jias.page.intercept.RequestIntercept.preHandle@16 - /admin/webjars/js/chunk-62d2fe18.64c34be0.js
2023-03-01 23:55:40.602 [http-nio-9999-exec-5] DEBUG com.jias.page.intercept.RequestIntercept.preHandle@16 - /admin/webjars/js/chunk-735c675c.be4e3cfe.js
2023-03-01 23:55:40.606 [http-nio-9999-exec-3] DEBUG com.jias.page.intercept.RequestIntercept.preHandle@16 - /admin/webjars/js/chunk-adb9e944.e09637fc.js
2023-03-01 23:55:40.777 [http-nio-9999-exec-6] DEBUG com.jias.page.intercept.RequestIntercept.preHandle@16 - /admin/swagger-resources
2023-03-01 23:55:40.783 [http-nio-9999-exec-8] DEBUG com.jias.page.intercept.RequestIntercept.preHandle@16 - /admin/favicon.ico
2023-03-01 23:55:40.790 [http-nio-9999-exec-8] DEBUG com.jias.page.intercept.RequestIntercept.preHandle@16 - /admin/error
2023-03-01 23:59:52.870 [restartedMain] DEBUG com.jias.page.JiasPageServeAdminApplication.logStarting@56 - Running with Spring Boot v2.5.3, Spring v5.3.9
2023-03-02 00:00:13.925 [http-nio-9999-exec-1] DEBUG com.jias.page.intercept.RequestIntercept.preHandle@16 - /admin/doc.html
2023-03-02 00:00:13.960 [http-nio-9999-exec-3] DEBUG com.jias.page.intercept.RequestIntercept.preHandle@16 - /admin/webjars/css/app.ff80f646.css
2023-03-02 00:00:13.960 [http-nio-9999-exec-2] DEBUG com.jias.page.intercept.RequestIntercept.preHandle@16 - /admin/webjars/css/chunk-vendors.7c767628.css
2023-03-02 00:00:13.967 [http-nio-9999-exec-4] DEBUG com.jias.page.intercept.RequestIntercept.preHandle@16 - /admin/webjars/js/app.0f2f48b5.js
2023-03-02 00:00:13.967 [http-nio-9999-exec-5] DEBUG com.jias.page.intercept.RequestIntercept.preHandle@16 - /admin/webjars/js/chunk-vendors.9a4add2b.js
2023-03-02 00:00:13.999 [http-nio-9999-exec-6] DEBUG com.jias.page.intercept.RequestIntercept.preHandle@16 - /admin/webjars/css/chunk-62d2fe18.8274cf04.css
2023-03-02 00:00:14.000 [http-nio-9999-exec-7] DEBUG com.jias.page.intercept.RequestIntercept.preHandle@16 - /admin/webjars/js/chunk-0c58d94d.d009b662.js
2023-03-02 00:00:14.001 [http-nio-9999-exec-8] DEBUG com.jias.page.intercept.RequestIntercept.preHandle@16 - /admin/webjars/js/chunk-0fd67716.d57e2c41.js
2023-03-02 00:00:14.003 [http-nio-9999-exec-9] DEBUG com.jias.page.intercept.RequestIntercept.preHandle@16 - /admin/webjars/js/chunk-214218f0.92c7a521.js
2023-03-02 00:00:14.003 [http-nio-9999-exec-10] DEBUG com.jias.page.intercept.RequestIntercept.preHandle@16 - /admin/webjars/js/chunk-2d0af44e.c09671a4.js
2023-03-02 00:00:14.007 [http-nio-9999-exec-1] DEBUG com.jias.page.intercept.RequestIntercept.preHandle@16 - /admin/webjars/js/chunk-2d0bd799.5bb1a14e.js
2023-03-02 00:00:14.009 [http-nio-9999-exec-8] DEBUG com.jias.page.intercept.RequestIntercept.preHandle@16 - /admin/webjars/js/chunk-2d0d0b98.4693c46e.js
2023-03-02 00:00:14.011 [http-nio-9999-exec-2] DEBUG com.jias.page.intercept.RequestIntercept.preHandle@16 - /admin/webjars/js/chunk-2d0da532.a47fb5c8.js
2023-03-02 00:00:14.011 [http-nio-9999-exec-3] DEBUG com.jias.page.intercept.RequestIntercept.preHandle@16 - /admin/webjars/js/chunk-2d22269d.fc57b306.js
2023-03-02 00:00:14.012 [http-nio-9999-exec-4] DEBUG com.jias.page.intercept.RequestIntercept.preHandle@16 - /admin/webjars/js/chunk-3b888a65.8737ce4f.js
2023-03-02 00:00:14.014 [http-nio-9999-exec-5] DEBUG com.jias.page.intercept.RequestIntercept.preHandle@16 - /admin/webjars/js/chunk-589faee0.1cf66f6d.js
2023-03-02 00:00:14.015 [http-nio-9999-exec-6] DEBUG com.jias.page.intercept.RequestIntercept.preHandle@16 - /admin/webjars/js/chunk-62d2fe18.64c34be0.js
2023-03-02 00:00:14.018 [http-nio-9999-exec-7] DEBUG com.jias.page.intercept.RequestIntercept.preHandle@16 - /admin/webjars/js/chunk-735c675c.be4e3cfe.js
2023-03-02 00:00:14.019 [http-nio-9999-exec-10] DEBUG com.jias.page.intercept.RequestIntercept.preHandle@16 - /admin/webjars/js/chunk-adb9e944.e09637fc.js
2023-03-02 00:00:14.196 [http-nio-9999-exec-9] DEBUG com.jias.page.intercept.RequestIntercept.preHandle@16 - /admin/swagger-resources
2023-03-02 00:00:29.374 [http-nio-9999-exec-8] DEBUG com.jias.page.intercept.RequestIntercept.preHandle@16 - /admin/doc.html
2023-03-02 00:00:29.399 [http-nio-9999-exec-2] DEBUG com.jias.page.intercept.RequestIntercept.preHandle@16 - /admin/webjars/css/app.ff80f646.css
2023-03-02 00:00:29.400 [http-nio-9999-exec-3] DEBUG com.jias.page.intercept.RequestIntercept.preHandle@16 - /admin/webjars/css/chunk-vendors.7c767628.css
2023-03-02 00:00:29.402 [http-nio-9999-exec-4] DEBUG com.jias.page.intercept.RequestIntercept.preHandle@16 - /admin/webjars/js/app.0f2f48b5.js
2023-03-02 00:00:29.402 [http-nio-9999-exec-5] DEBUG com.jias.page.intercept.RequestIntercept.preHandle@16 - /admin/webjars/js/chunk-vendors.9a4add2b.js
2023-03-02 00:00:29.426 [http-nio-9999-exec-6] DEBUG com.jias.page.intercept.RequestIntercept.preHandle@16 - /admin/webjars/css/chunk-62d2fe18.8274cf04.css
2023-03-02 00:00:29.428 [http-nio-9999-exec-10] DEBUG com.jias.page.intercept.RequestIntercept.preHandle@16 - /admin/webjars/js/chunk-0c58d94d.d009b662.js
2023-03-02 00:00:29.428 [http-nio-9999-exec-7] DEBUG com.jias.page.intercept.RequestIntercept.preHandle@16 - /admin/webjars/js/chunk-0fd67716.d57e2c41.js
2023-03-02 00:00:29.428 [http-nio-9999-exec-9] DEBUG com.jias.page.intercept.RequestIntercept.preHandle@16 - /admin/webjars/js/chunk-214218f0.92c7a521.js
2023-03-02 00:00:29.429 [http-nio-9999-exec-1] DEBUG com.jias.page.intercept.RequestIntercept.preHandle@16 - /admin/webjars/js/chunk-2d0af44e.c09671a4.js
2023-03-02 00:00:29.433 [http-nio-9999-exec-8] DEBUG com.jias.page.intercept.RequestIntercept.preHandle@16 - /admin/webjars/js/chunk-2d0bd799.5bb1a14e.js
2023-03-02 00:00:29.435 [http-nio-9999-exec-3] DEBUG com.jias.page.intercept.RequestIntercept.preHandle@16 - /admin/webjars/js/chunk-2d0d0b98.4693c46e.js
2023-03-02 00:00:29.439 [http-nio-9999-exec-2] DEBUG com.jias.page.intercept.RequestIntercept.preHandle@16 - /admin/webjars/js/chunk-2d22269d.fc57b306.js
2023-03-02 00:00:29.437 [http-nio-9999-exec-4] DEBUG com.jias.page.intercept.RequestIntercept.preHandle@16 - /admin/webjars/js/chunk-2d0da532.a47fb5c8.js
2023-03-02 00:00:29.439 [http-nio-9999-exec-5] DEBUG com.jias.page.intercept.RequestIntercept.preHandle@16 - /admin/webjars/js/chunk-3b888a65.8737ce4f.js
2023-03-02 00:00:29.442 [http-nio-9999-exec-6] DEBUG com.jias.page.intercept.RequestIntercept.preHandle@16 - /admin/webjars/js/chunk-589faee0.1cf66f6d.js
2023-03-02 00:00:29.443 [http-nio-9999-exec-9] DEBUG com.jias.page.intercept.RequestIntercept.preHandle@16 - /admin/webjars/js/chunk-62d2fe18.64c34be0.js
2023-03-02 00:00:29.445 [http-nio-9999-exec-10] DEBUG com.jias.page.intercept.RequestIntercept.preHandle@16 - /admin/webjars/js/chunk-735c675c.be4e3cfe.js
2023-03-02 00:00:29.446 [http-nio-9999-exec-1] DEBUG com.jias.page.intercept.RequestIntercept.preHandle@16 - /admin/webjars/js/chunk-adb9e944.e09637fc.js
2023-03-02 00:00:29.567 [http-nio-9999-exec-7] DEBUG com.jias.page.intercept.RequestIntercept.preHandle@16 - /admin/swagger-resources
2023-03-02 00:00:50.913 [http-nio-9999-exec-3] DEBUG com.jias.page.intercept.RequestIntercept.preHandle@16 - /admin/webjars/css/chunk-62d2fe18.8274cf04.css
2023-03-02 00:00:50.915 [http-nio-9999-exec-2] DEBUG com.jias.page.intercept.RequestIntercept.preHandle@16 - /admin/webjars/js/chunk-62d2fe18.64c34be0.js
2023-03-02 00:00:50.915 [http-nio-9999-exec-4] DEBUG com.jias.page.intercept.RequestIntercept.preHandle@16 - /admin/webjars/js/chunk-0c58d94d.d009b662.js
2023-03-02 00:00:50.915 [http-nio-9999-exec-5] DEBUG com.jias.page.intercept.RequestIntercept.preHandle@16 - /admin/webjars/js/chunk-adb9e944.e09637fc.js
2023-03-02 00:00:50.948 [http-nio-9999-exec-6] DEBUG com.jias.page.intercept.RequestIntercept.preHandle@16 - /admin/webjars/js/chunk-3b888a65.8737ce4f.js
2023-03-02 00:00:50.948 [http-nio-9999-exec-1] DEBUG com.jias.page.intercept.RequestIntercept.preHandle@16 - /admin/webjars/js/chunk-2d0af44e.c09671a4.js
2023-03-02 00:00:50.948 [http-nio-9999-exec-9] DEBUG com.jias.page.intercept.RequestIntercept.preHandle@16 - /admin/webjars/js/chunk-214218f0.92c7a521.js
2023-03-02 00:00:50.958 [http-nio-9999-exec-10] DEBUG com.jias.page.intercept.RequestIntercept.preHandle@16 - /admin/webjars/js/chunk-2d0bd799.5bb1a14e.js
2023-03-02 00:01:09.373 [http-nio-9999-exec-8] DEBUG com.jias.page.intercept.RequestIntercept.preHandle@16 - /admin/webjars/js/chunk-2d22269d.fc57b306.js
2023-03-02 00:01:09.373 [http-nio-9999-exec-7] DEBUG com.jias.page.intercept.RequestIntercept.preHandle@16 - /admin/webjars/js/chunk-0fd67716.d57e2c41.js
2023-03-02 00:01:09.373 [http-nio-9999-exec-3] DEBUG com.jias.page.intercept.RequestIntercept.preHandle@16 - /admin/webjars/js/chunk-589faee0.1cf66f6d.js
2023-03-02 00:01:15.750 [http-nio-9999-exec-5] DEBUG com.jias.page.intercept.RequestIntercept.preHandle@16 - /admin/user/validateCode
2023-03-02 00:01:16.043 [http-nio-9999-exec-2] DEBUG com.jias.page.intercept.RequestIntercept.preHandle@16 - /admin/webjars/js/chunk-735c675c.be4e3cfe.js
2023-03-02 00:01:16.486 [http-nio-9999-exec-4] DEBUG com.jias.page.intercept.RequestIntercept.preHandle@16 - /admin/user/validateCode
2023-03-02 00:08:00.690 [http-nio-9999-exec-10] DEBUG com.jias.page.intercept.RequestIntercept.preHandle@16 - /admin/user/validateCode
2023-03-02 00:09:10.082 [http-nio-9999-exec-2] DEBUG com.jias.page.intercept.RequestIntercept.preHandle@16 - /admin/user/validateCode
2023-03-02 00:09:15.145 [http-nio-9999-exec-4] DEBUG com.jias.page.intercept.RequestIntercept.preHandle@16 - /admin/user/validateCode
2023-03-02 00:09:16.061 [http-nio-9999-exec-6] DEBUG com.jias.page.intercept.RequestIntercept.preHandle@16 - /admin/user/validateCode
2023-03-02 00:09:33.622 [http-nio-9999-exec-1] DEBUG com.jias.page.intercept.RequestIntercept.preHandle@16 - /admin/user/validateCode
2023-03-02 00:16:44.096 [http-nio-9999-exec-9] DEBUG com.jias.page.intercept.RequestIntercept.preHandle@16 - /admin/user/validateCode
2023-03-02 00:16:48.663 [http-nio-9999-exec-3] DEBUG com.jias.page.intercept.RequestIntercept.preHandle@16 - /admin/user/validateCode
2023-03-02 00:17:14.127 [http-nio-9999-exec-10] DEBUG com.jias.page.intercept.RequestIntercept.preHandle@16 - /admin/user/validateCode
2023-03-02 00:23:44.710 [http-nio-9999-exec-8] DEBUG com.jias.page.intercept.RequestIntercept.preHandle@16 - /admin/user/validateCode
2023-03-02 00:26:22.214 [http-nio-9999-exec-7] DEBUG com.jias.page.intercept.RequestIntercept.preHandle@16 - /admin/user/validateCode
2023-03-02 00:26:25.463 [http-nio-9999-exec-5] DEBUG com.jias.page.intercept.RequestIntercept.preHandle@16 - /admin/user/validateCode
2023-03-02 00:32:15.267 [http-nio-9999-exec-2] DEBUG com.jias.page.intercept.RequestIntercept.preHandle@16 - /admin/user/validateCode
2023-03-02 00:32:48.463 [http-nio-9999-exec-4] DEBUG com.jias.page.intercept.RequestIntercept.preHandle@16 - /admin/user/validateCode
2023-03-02 00:36:32.703 [http-nio-9999-exec-6] DEBUG com.jias.page.intercept.RequestIntercept.preHandle@16 - /admin/user/validateCode
2023-03-02 00:37:46.308 [http-nio-9999-exec-1] DEBUG com.jias.page.intercept.RequestIntercept.preHandle@16 - /admin/user/validateCode
2023-03-02 00:38:04.361 [http-nio-9999-exec-9] DEBUG com.jias.page.intercept.RequestIntercept.preHandle@16 - /admin/user/validateCode
2023-03-02 00:38:12.630 [http-nio-9999-exec-3] DEBUG com.jias.page.intercept.RequestIntercept.preHandle@16 - /admin/user/validateCode
2023-03-02 00:38:17.148 [http-nio-9999-exec-10] DEBUG com.jias.page.intercept.RequestIntercept.preHandle@16 - /admin/user/validateCode
2023-03-02 00:38:22.670 [http-nio-9999-exec-8] DEBUG com.jias.page.intercept.RequestIntercept.preHandle@16 - /admin/user/validateCode
2023-03-02 00:38:23.730 [http-nio-9999-exec-7] DEBUG com.jias.page.intercept.RequestIntercept.preHandle@16 - /admin/user/validateCode
2023-03-02 00:38:25.886 [http-nio-9999-exec-5] DEBUG com.jias.page.intercept.RequestIntercept.preHandle@16 - /admin/user/validateCode
2023-03-02 00:38:29.503 [http-nio-9999-exec-2] DEBUG com.jias.page.intercept.RequestIntercept.preHandle@16 - /admin/user/validateCode
2023-03-02 00:40:05.656 [http-nio-9999-exec-4] DEBUG com.jias.page.intercept.RequestIntercept.preHandle@16 - /admin/user/validateCode
2023-03-02 00:40:12.332 [http-nio-9999-exec-6] DEBUG com.jias.page.intercept.RequestIntercept.preHandle@16 - /admin/user/validateCode
2023-03-02 00:40:20.320 [http-nio-9999-exec-1] DEBUG com.jias.page.intercept.RequestIntercept.preHandle@16 - /admin/user/validateCode
2023-03-02 00:40:35.381 [http-nio-9999-exec-9] DEBUG com.jias.page.intercept.RequestIntercept.preHandle@16 - /admin/user/login
2023-03-02 00:40:53.054 [http-nio-9999-exec-3] DEBUG com.jias.page.intercept.RequestIntercept.preHandle@16 - /admin/user/login
2023-03-02 00:41:45.488 [http-nio-9999-exec-10] DEBUG com.jias.page.intercept.RequestIntercept.preHandle@16 - /admin/user/validateCode
2023-03-02 00:41:52.188 [http-nio-9999-exec-8] DEBUG com.jias.page.intercept.RequestIntercept.preHandle@16 - /admin/user/login
2023-03-02 00:42:24.175 [http-nio-9999-exec-7] DEBUG com.jias.page.intercept.RequestIntercept.preHandle@16 - /admin/user/login
2023-03-02 00:43:45.415 [http-nio-9999-exec-5] DEBUG com.jias.page.intercept.RequestIntercept.preHandle@16 - /admin/user/login
2023-03-02 00:43:48.441 [http-nio-9999-exec-2] DEBUG com.jias.page.intercept.RequestIntercept.preHandle@16 - /admin/user/validateCode
2023-03-02 00:44:03.827 [http-nio-9999-exec-4] DEBUG com.jias.page.intercept.RequestIntercept.preHandle@16 - /admin/user/validateCode
2023-03-02 00:44:10.513 [http-nio-9999-exec-6] DEBUG com.jias.page.intercept.RequestIntercept.preHandle@16 - /admin/user/login
2023-03-02 00:45:18.503 [http-nio-9999-exec-1] DEBUG com.jias.page.intercept.RequestIntercept.preHandle@16 - /admin/user/validateCode
2023-03-02 00:45:19.138 [http-nio-9999-exec-9] DEBUG com.jias.page.intercept.RequestIntercept.preHandle@16 - /admin/user/validateCode
2023-03-02 00:45:28.500 [http-nio-9999-exec-3] DEBUG com.jias.page.intercept.RequestIntercept.preHandle@16 - /admin/user/validateCode
2023-03-02 00:45:45.846 [http-nio-9999-exec-10] DEBUG com.jias.page.intercept.RequestIntercept.preHandle@16 - /admin/user/validateCode
2023-03-02 00:46:11.593 [http-nio-9999-exec-8] DEBUG com.jias.page.intercept.RequestIntercept.preHandle@16 - /admin/user/login
2023-03-02 00:48:44.347 [restartedMain] DEBUG com.jias.page.JiasPageServeAdminApplication.logStarting@56 - Running with Spring Boot v2.5.3, Spring v5.3.9
2023-03-02 00:48:53.703 [http-nio-9999-exec-1] DEBUG com.jias.page.intercept.RequestIntercept.preHandle@16 - POST
2023-03-02 00:48:53.704 [http-nio-9999-exec-1] DEBUG com.jias.page.intercept.RequestIntercept.preHandle@17 - /admin/user/login
2023-03-02 00:56:35.565 [restartedMain] DEBUG com.jias.page.JiasPageServeAdminApplication.logStarting@56 - Running with Spring Boot v2.5.3, Spring v5.3.9
2023-03-02 00:57:13.251 [http-nio-9999-exec-1] DEBUG com.jias.page.intercept.RequestIntercept.preHandle@27 - POST
2023-03-02 01:00:16.495 [http-nio-9999-exec-1] DEBUG com.jias.page.intercept.RequestIntercept.preHandle@28 - /admin/user/login
2023-03-02 01:00:20.077 [restartedMain] DEBUG com.jias.page.JiasPageServeAdminApplication.logStarting@56 - Running with Spring Boot v2.5.3, Spring v5.3.9
2023-03-02 01:00:26.777 [http-nio-9999-exec-1] DEBUG com.jias.page.intercept.RequestIntercept.preHandle@30 - POST
2023-03-02 01:00:26.778 [http-nio-9999-exec-1] DEBUG com.jias.page.intercept.RequestIntercept.preHandle@31 - /admin/user/login
2023-03-02 01:02:07.533 [restartedMain] DEBUG com.jias.page.JiasPageServeAdminApplication.logStarting@56 - Running with Spring Boot v2.5.3, Spring v5.3.9
2023-03-02 01:02:13.608 [http-nio-9999-exec-1] DEBUG com.jias.page.intercept.RequestIntercept.preHandle@30 - POST
2023-03-02 01:02:13.609 [http-nio-9999-exec-1] DEBUG com.jias.page.intercept.RequestIntercept.preHandle@31 - /admin/user/login
2023-03-02 01:03:51.614 [restartedMain] DEBUG com.jias.page.JiasPageServeAdminApplication.logStarting@56 - Running with Spring Boot v2.5.3, Spring v5.3.9
2023-03-02 01:03:58.065 [http-nio-9999-exec-1] DEBUG com.jias.page.intercept.RequestIntercept.preHandle@31 - POST
2023-03-02 01:03:58.066 [http-nio-9999-exec-1] DEBUG com.jias.page.intercept.RequestIntercept.preHandle@32 - /admin/user/login
2023-03-02 01:06:58.181 [restartedMain] DEBUG com.jias.page.JiasPageServeAdminApplication.logStarting@56 - Running with Spring Boot v2.5.3, Spring v5.3.9
2023-03-02 01:07:04.310 [http-nio-9999-exec-1] DEBUG com.jias.page.intercept.RequestIntercept.preHandle@31 - POST
2023-03-02 01:07:04.310 [http-nio-9999-exec-1] DEBUG com.jias.page.intercept.RequestIntercept.preHandle@32 - /admin/user/login
2023-03-02 01:09:03.482 [restartedMain] DEBUG com.jias.page.JiasPageServeAdminApplication.logStarting@56 - Running with Spring Boot v2.5.3, Spring v5.3.9
2023-03-02 01:09:13.959 [http-nio-9999-exec-1] DEBUG com.jias.page.intercept.RequestIntercept.preHandle@32 - POST
2023-03-02 01:09:13.961 [http-nio-9999-exec-1] DEBUG com.jias.page.intercept.RequestIntercept.preHandle@33 - /admin/user/login
2023-03-02 01:09:45.105 [restartedMain] DEBUG com.jias.page.JiasPageServeAdminApplication.logStarting@56 - Running with Spring Boot v2.5.3, Spring v5.3.9
2023-03-02 01:09:56.736 [restartedMain] DEBUG com.jias.page.JiasPageServeAdminApplication.logStarting@56 - Running with Spring Boot v2.5.3, Spring v5.3.9
2023-03-02 01:10:01.439 [http-nio-9999-exec-1] DEBUG com.jias.page.intercept.RequestIntercept.preHandle@32 - POST
2023-03-02 01:10:01.439 [http-nio-9999-exec-1] DEBUG com.jias.page.intercept.RequestIntercept.preHandle@33 - /admin/user/login
2023-03-02 01:18:36.874 [http-nio-9999-exec-2] DEBUG com.jias.page.intercept.RequestIntercept.preHandle@32 - POST
2023-03-02 01:18:36.875 [http-nio-9999-exec-2] DEBUG com.jias.page.intercept.RequestIntercept.preHandle@33 - /admin/user/login
2023-03-02 01:18:41.643 [http-nio-9999-exec-3] DEBUG com.jias.page.intercept.RequestIntercept.preHandle@32 - GET
2023-03-02 01:18:41.644 [http-nio-9999-exec-3] DEBUG com.jias.page.intercept.RequestIntercept.preHandle@33 - /admin/user/validateCode
2023-03-02 01:18:52.058 [http-nio-9999-exec-4] DEBUG com.jias.page.intercept.RequestIntercept.preHandle@32 - POST
2023-03-02 01:18:52.059 [http-nio-9999-exec-4] DEBUG com.jias.page.intercept.RequestIntercept.preHandle@33 - /admin/user/login
2023-03-02 01:19:16.986 [http-nio-9999-exec-5] DEBUG com.jias.page.intercept.RequestIntercept.preHandle@32 - GET
2023-03-02 01:19:16.987 [http-nio-9999-exec-5] DEBUG com.jias.page.intercept.RequestIntercept.preHandle@33 - /admin/user/validateCode
2023-03-02 01:19:28.596 [http-nio-9999-exec-6] DEBUG com.jias.page.intercept.RequestIntercept.preHandle@32 - GET
2023-03-02 01:19:28.597 [http-nio-9999-exec-6] DEBUG com.jias.page.intercept.RequestIntercept.preHandle@33 - /admin/user/validateCode
2023-03-02 01:19:35.483 [http-nio-9999-exec-7] DEBUG com.jias.page.intercept.RequestIntercept.preHandle@32 - GET
2023-03-02 01:19:35.483 [http-nio-9999-exec-7] DEBUG com.jias.page.intercept.RequestIntercept.preHandle@33 - /admin/user/validateCode
2023-03-02 01:23:55.110 [restartedMain] DEBUG com.jias.page.JiasPageServeAdminApplication.logStarting@56 - Running with Spring Boot v2.5.3, Spring v5.3.9
2023-03-02 01:24:11.673 [http-nio-9999-exec-2] DEBUG com.jias.page.intercept.RequestIntercept.preHandle@33 - POST
2023-03-02 01:24:11.674 [http-nio-9999-exec-2] DEBUG com.jias.page.intercept.RequestIntercept.preHandle@34 - /admin/user/login
2023-03-02 01:26:58.610 [restartedMain] DEBUG com.jias.page.JiasPageServeAdminApplication.logStarting@56 - Running with Spring Boot v2.5.3, Spring v5.3.9
2023-03-02 01:27:17.757 [http-nio-9999-exec-1] DEBUG com.jias.page.intercept.RequestIntercept.preHandle@33 - POST
2023-03-02 01:27:17.758 [http-nio-9999-exec-1] DEBUG com.jias.page.intercept.RequestIntercept.preHandle@34 - /admin/user/login
2023-03-02 01:27:45.502 [restartedMain] DEBUG com.jias.page.JiasPageServeAdminApplication.logStarting@56 - Running with Spring Boot v2.5.3, Spring v5.3.9
2023-03-02 01:27:54.573 [http-nio-9999-exec-1] DEBUG com.jias.page.intercept.RequestIntercept.preHandle@33 - POST
2023-03-02 01:27:54.574 [http-nio-9999-exec-1] DEBUG com.jias.page.intercept.RequestIntercept.preHandle@34 - /admin/user/login
2023-03-02 01:28:50.601 [http-nio-9999-exec-3] DEBUG com.jias.page.intercept.RequestIntercept.preHandle@33 - POST
2023-03-02 01:28:50.602 [http-nio-9999-exec-3] DEBUG com.jias.page.intercept.RequestIntercept.preHandle@34 - /admin/user/login
2023-03-02 01:29:21.236 [http-nio-9999-exec-5] DEBUG com.jias.page.intercept.RequestIntercept.preHandle@33 - POST
2023-03-02 01:29:21.236 [http-nio-9999-exec-5] DEBUG com.jias.page.intercept.RequestIntercept.preHandle@34 - /admin/user/login
2023-03-02 01:29:28.749 [http-nio-9999-exec-6] DEBUG com.jias.page.intercept.RequestIntercept.preHandle@33 - POST
2023-03-02 01:29:28.750 [http-nio-9999-exec-6] DEBUG com.jias.page.intercept.RequestIntercept.preHandle@34 - /admin/user/login
2023-03-02 01:30:40.486 [restartedMain] DEBUG com.jias.page.JiasPageServeAdminApplication.logStarting@56 - Running with Spring Boot v2.5.3, Spring v5.3.9
2023-03-02 01:31:06.272 [http-nio-9999-exec-1] DEBUG com.jias.page.intercept.RequestIntercept.preHandle@33 - POST
2023-03-02 01:31:06.273 [http-nio-9999-exec-1] DEBUG com.jias.page.intercept.RequestIntercept.preHandle@34 - /admin/user/login
2023-03-02 01:41:18.446 [restartedMain] DEBUG com.jias.page.JiasPageServeAdminApplication.logStarting@56 - Running with Spring Boot v2.5.3, Spring v5.3.9
2023-03-02 01:52:47.855 [restartedMain] DEBUG com.jias.page.JiasPageServeAdminApplication.logStarting@56 - Running with Spring Boot v2.5.3, Spring v5.3.9
2023-03-02 01:53:55.956 [http-nio-9999-exec-2] DEBUG com.jias.page.intercept.RequestIntercept.preHandle@33 - POST
2023-03-02 01:53:55.958 [http-nio-9999-exec-2] DEBUG com.jias.page.intercept.RequestIntercept.preHandle@34 - /admin/user/login
2023-03-02 01:55:49.603 [restartedMain] DEBUG com.jias.page.JiasPageServeAdminApplication.logStarting@56 - Running with Spring Boot v2.5.3, Spring v5.3.9
2023-03-02 01:55:56.843 [http-nio-9999-exec-1] DEBUG com.jias.page.intercept.RequestIntercept.preHandle@33 - POST
2023-03-02 01:55:56.844 [http-nio-9999-exec-1] DEBUG com.jias.page.intercept.RequestIntercept.preHandle@34 - /admin/user/login
2023-03-02 02:08:11.981 [restartedMain] DEBUG com.jias.page.JiasPageServeAdminApplication.logStarting@56 - Running with Spring Boot v2.5.3, Spring v5.3.9
2023-03-10 15:23:55.678 [restartedMain] DEBUG com.jias.page.JiasPageServeAdminApplication.logStarting@56 - Running with Spring Boot v2.5.3, Spring v5.3.9
2023-03-10 15:24:27.456 [http-nio-9999-exec-2] DEBUG com.jias.page.intercept.RequestIntercept.preHandle@33 - POST
2023-03-10 15:24:27.462 [http-nio-9999-exec-2] DEBUG com.jias.page.intercept.RequestIntercept.preHandle@34 - /admin/user/login
2023-03-10 15:27:15.703 [http-nio-9999-exec-5] DEBUG com.jias.page.intercept.RequestIntercept.preHandle@33 - POST
2023-03-10 15:27:15.705 [http-nio-9999-exec-5] DEBUG com.jias.page.intercept.RequestIntercept.preHandle@34 - /admin/user/login
2023-03-10 15:41:51.812 [restartedMain] DEBUG com.jias.page.JiasPageServeAdminApplication.logStarting@56 - Running with Spring Boot v2.5.3, Spring v5.3.9
2023-03-10 15:42:27.423 [http-nio-9999-exec-1] DEBUG com.jias.page.intercept.RequestIntercept.preHandle@33 - POST
2023-03-10 15:42:27.429 [http-nio-9999-exec-1] DEBUG com.jias.page.intercept.RequestIntercept.preHandle@34 - /admin/user/login
2023-03-10 15:46:05.874 [restartedMain] DEBUG com.jias.page.JiasPageServeAdminApplication.logStarting@56 - Running with Spring Boot v2.5.3, Spring v5.3.9
2023-03-10 15:46:31.798 [http-nio-9999-exec-2] DEBUG com.jias.page.intercept.RequestIntercept.preHandle@33 - POST
2023-03-10 15:46:31.805 [http-nio-9999-exec-2] DEBUG com.jias.page.intercept.RequestIntercept.preHandle@34 - /admin/user/login
2023-03-10 15:49:38.092 [http-nio-9999-exec-3] DEBUG com.jias.page.intercept.RequestIntercept.preHandle@33 - POST
2023-03-10 15:49:38.093 [http-nio-9999-exec-3] DEBUG com.jias.page.intercept.RequestIntercept.preHandle@34 - /admin/user/login
2023-03-10 15:52:04.460 [http-nio-9999-exec-5] DEBUG com.jias.page.intercept.RequestIntercept.preHandle@33 - POST
2023-03-10 15:52:04.462 [http-nio-9999-exec-5] DEBUG com.jias.page.intercept.RequestIntercept.preHandle@34 - /admin/user/login
2023-03-10 16:01:31.411 [http-nio-9999-exec-10] DEBUG com.jias.page.intercept.RequestIntercept.preHandle@33 - POST
2023-03-10 16:01:31.413 [http-nio-9999-exec-10] DEBUG com.jias.page.intercept.RequestIntercept.preHandle@34 - /admin/user/login
2023-03-10 16:10:26.421 [http-nio-9999-exec-5] DEBUG com.jias.page.intercept.RequestIntercept.preHandle@33 - POST
2023-03-10 16:10:26.422 [http-nio-9999-exec-5] DEBUG com.jias.page.intercept.RequestIntercept.preHandle@34 - /admin/user/login
2023-03-10 16:13:47.543 [http-nio-9999-exec-9] DEBUG com.jias.page.intercept.RequestIntercept.preHandle@33 - POST
2023-03-10 16:13:47.545 [http-nio-9999-exec-9] DEBUG com.jias.page.intercept.RequestIntercept.preHandle@34 - /admin/user/login
2023-03-10 16:16:16.745 [restartedMain] DEBUG com.jias.page.JiasPageServeAdminApplication.logStarting@56 - Running with Spring Boot v2.5.3, Spring v5.3.9
2023-03-10 16:16:42.716 [http-nio-9999-exec-2] DEBUG com.jias.page.intercept.RequestIntercept.preHandle@33 - POST
2023-03-10 16:16:42.718 [http-nio-9999-exec-2] DEBUG com.jias.page.intercept.RequestIntercept.preHandle@34 - /admin/user/login
2023-03-10 16:41:41.550 [restartedMain] DEBUG com.jias.page.JiasPageServeAdminApplication.logStarting@56 - Running with Spring Boot v2.5.3, Spring v5.3.9
2023-03-10 16:45:05.211 [restartedMain] DEBUG com.jias.page.JiasPageServeAdminApplication.logStarting@56 - Running with Spring Boot v2.5.3, Spring v5.3.9
2023-03-10 16:45:28.020 [http-nio-9999-exec-1] DEBUG com.jias.page.intercept.RequestIntercept.preHandle@33 - GET
2023-03-10 16:45:28.025 [http-nio-9999-exec-1] DEBUG com.jias.page.intercept.RequestIntercept.preHandle@34 - /admin/system/aesKey
2023-03-10 16:46:07.366 [restartedMain] DEBUG com.jias.page.JiasPageServeAdminApplication.logStarting@56 - Running with Spring Boot v2.5.3, Spring v5.3.9
2023-03-10 16:47:20.955 [restartedMain] DEBUG com.jias.page.JiasPageServeAdminApplication.logStarting@56 - Running with Spring Boot v2.5.3, Spring v5.3.9
2023-03-10 16:53:06.098 [http-nio-9999-exec-7] DEBUG com.jias.page.intercept.RequestIntercept.preHandle@33 - POST
2023-03-10 16:53:06.104 [http-nio-9999-exec-7] DEBUG com.jias.page.intercept.RequestIntercept.preHandle@34 - /admin/user/login
2023-03-10 17:17:40.656 [restartedMain] DEBUG com.jias.page.JiasPageServeAdminApplication.logStarting@56 - Running with Spring Boot v2.5.3, Spring v5.3.9
2023-03-10 17:20:27.813 [http-nio-9999-exec-4] DEBUG com.jias.page.intercept.RequestIntercept.preHandle@39 - POST
2023-03-10 17:20:27.820 [http-nio-9999-exec-4] DEBUG com.jias.page.intercept.RequestIntercept.preHandle@40 - /admin/user/login
2023-03-10 17:23:31.509 [http-nio-9999-exec-2] DEBUG com.jias.page.intercept.RequestIntercept.preHandle@39 - POST
2023-03-10 17:23:31.509 [http-nio-9999-exec-2] DEBUG com.jias.page.intercept.RequestIntercept.preHandle@40 - /admin/user/login
2023-03-10 17:24:31.236 [restartedMain] DEBUG com.jias.page.JiasPageServeAdminApplication.logStarting@56 - Running with Spring Boot v2.5.3, Spring v5.3.9
2023-03-10 17:24:49.682 [http-nio-9999-exec-1] DEBUG com.jias.page.intercept.RequestIntercept.preHandle@39 - POST
2023-03-10 17:24:49.684 [http-nio-9999-exec-1] DEBUG com.jias.page.intercept.RequestIntercept.preHandle@40 - /admin/user/login
2023-03-12 13:14:57.285 [restartedMain] DEBUG com.jias.page.JiasPageServeAdminApplication.logStarting@56 - Running with Spring Boot v2.5.3, Spring v5.3.9
2023-03-12 13:23:16.851 [http-nio-9999-exec-3] DEBUG com.jias.page.intercept.RequestIntercept.preHandle@39 - POST
2023-03-12 13:23:16.852 [http-nio-9999-exec-3] DEBUG com.jias.page.intercept.RequestIntercept.preHandle@40 - /admin/user/login
2023-03-12 13:24:10.225 [http-nio-9999-exec-7] DEBUG com.jias.page.intercept.RequestIntercept.preHandle@39 - POST
2023-03-12 13:24:10.225 [http-nio-9999-exec-7] DEBUG com.jias.page.intercept.RequestIntercept.preHandle@40 - /admin/user/login
2023-03-12 13:24:59.339 [restartedMain] DEBUG com.jias.page.JiasPageServeAdminApplication.logStarting@56 - Running with Spring Boot v2.5.3, Spring v5.3.9
2023-03-12 13:25:10.317 [http-nio-9999-exec-1] DEBUG com.jias.page.intercept.RequestIntercept.preHandle@39 - POST
2023-03-12 13:25:10.318 [http-nio-9999-exec-1] DEBUG com.jias.page.intercept.RequestIntercept.preHandle@40 - /admin/user/login
2023-04-01 16:07:27.406 [restartedMain] DEBUG com.jias.page.JiasPageServeAdminApplication.logStarting@56 - Running with Spring Boot v2.5.3, Spring v5.3.9
2023-12-29 16:04:16.068 [restartedMain] DEBUG com.jias.page.JiasPageServeAdminApplication.logStarting@56 - Running with Spring Boot v2.5.3, Spring v5.3.9
2023-12-29 16:05:01.495 [restartedMain] DEBUG com.jias.page.JiasPageServeAdminApplication.logStarting@56 - Running with Spring Boot v2.5.3, Spring v5.3.9
2023-12-29 17:15:23.537 [restartedMain] DEBUG com.jias.page.JiasPageServeAdminApplication.logStarting@56 - Running with Spring Boot v2.5.3, Spring v5.3.9
2023-12-29 17:16:55.549 [restartedMain] DEBUG com.jias.page.JiasPageServeAdminApplication.logStarting@56 - Running with Spring Boot v2.5.3, Spring v5.3.9
2023-12-29 17:20:45.579 [restartedMain] DEBUG com.jias.page.JiasPageServeClientApplication.logStarting@56 - Running with Spring Boot v2.5.3, Spring v5.3.9
2023-12-29 17:23:37.322 [restartedMain] DEBUG com.jias.page.JiasPageServeAdminApplication.logStarting@56 - Running with Spring Boot v2.5.3, Spring v5.3.9
2023-12-29 17:24:05.233 [http-nio-9998-exec-3] DEBUG com.jias.page.intercept.RequestIntercept.preHandle@39 - GET
2023-12-29 17:24:05.234 [http-nio-9998-exec-3] DEBUG com.jias.page.intercept.RequestIntercept.preHandle@40 - /admin/doc.html
2023-12-29 17:24:05.300 [http-nio-9998-exec-3] DEBUG com.jias.page.intercept.RequestIntercept.preHandle@39 - GET
2023-12-29 17:24:05.300 [http-nio-9998-exec-3] DEBUG com.jias.page.intercept.RequestIntercept.preHandle@40 - /admin/error
2023-12-29 17:24:21.315 [http-nio-9998-exec-1] DEBUG com.jias.page.intercept.RequestIntercept.preHandle@39 - GET
2023-12-29 17:24:21.316 [http-nio-9998-exec-1] DEBUG com.jias.page.intercept.RequestIntercept.preHandle@40 - /admin/doc.html
2023-12-29 17:24:21.318 [http-nio-9998-exec-1] DEBUG com.jias.page.intercept.RequestIntercept.preHandle@39 - GET
2023-12-29 17:24:21.319 [http-nio-9998-exec-1] DEBUG com.jias.page.intercept.RequestIntercept.preHandle@40 - /admin/error
2023-12-29 17:24:29.888 [http-nio-9998-exec-5] DEBUG com.jias.page.intercept.RequestIntercept.preHandle@39 - GET
2023-12-29 17:24:29.889 [http-nio-9998-exec-5] DEBUG com.jias.page.intercept.RequestIntercept.preHandle@40 - /admin/
2023-12-29 17:24:29.893 [http-nio-9998-exec-5] DEBUG com.jias.page.intercept.RequestIntercept.preHandle@39 - GET
2023-12-29 17:24:29.893 [http-nio-9998-exec-5] DEBUG com.jias.page.intercept.RequestIntercept.preHandle@40 - /admin/error
2023-12-29 17:24:48.520 [http-nio-9998-exec-6] DEBUG com.jias.page.intercept.RequestIntercept.preHandle@39 - GET
2023-12-29 17:24:48.520 [http-nio-9998-exec-6] DEBUG com.jias.page.intercept.RequestIntercept.preHandle@40 - /admin/doc.html
2023-12-29 17:24:48.522 [http-nio-9998-exec-6] DEBUG com.jias.page.intercept.RequestIntercept.preHandle@39 - GET
2023-12-29 17:24:48.522 [http-nio-9998-exec-6] DEBUG com.jias.page.intercept.RequestIntercept.preHandle@40 - /admin/error
2023-12-29 17:26:33.944 [http-nio-8888-exec-4] DEBUG com.jias.page.intercept.RequestIntercept.preHandle@39 - GET
2023-12-29 17:26:33.945 [http-nio-8888-exec-4] DEBUG com.jias.page.intercept.RequestIntercept.preHandle@40 - /page/doc.html
2023-12-29 17:26:34.007 [http-nio-8888-exec-4] DEBUG com.jias.page.intercept.RequestIntercept.preHandle@39 - GET
2023-12-29 17:26:34.007 [http-nio-8888-exec-4] DEBUG com.jias.page.intercept.RequestIntercept.preHandle@40 - /page/error
2023-12-29 17:27:08.659 [restartedMain] DEBUG com.jias.page.JiasPageServeAdminApplication.logStarting@56 - Running with Spring Boot v2.5.3, Spring v5.3.9
2023-12-29 17:27:09.845 [restartedMain] DEBUG com.jias.page.JiasPageServeClientApplication.logStarting@56 - Running with Spring Boot v2.5.3, Spring v5.3.9
2023-12-29 17:27:11.528 [restartedMain] DEBUG com.jias.page.JiasPageServeAdminApplication.logStarting@56 - Running with Spring Boot v2.5.3, Spring v5.3.9
2023-12-29 17:27:18.785 [http-nio-8888-exec-1] DEBUG com.jias.page.intercept.RequestIntercept.preHandle@39 - GET
2023-12-29 17:27:18.786 [http-nio-8888-exec-1] DEBUG com.jias.page.intercept.RequestIntercept.preHandle@40 - /page/doc.html
2023-12-29 17:27:18.842 [http-nio-8888-exec-2] DEBUG com.jias.page.intercept.RequestIntercept.preHandle@39 - GET
2023-12-29 17:27:18.842 [http-nio-8888-exec-3] DEBUG com.jias.page.intercept.RequestIntercept.preHandle@39 - GET
2023-12-29 17:27:18.842 [http-nio-8888-exec-4] DEBUG com.jias.page.intercept.RequestIntercept.preHandle@39 - GET
2023-12-29 17:27:18.843 [http-nio-8888-exec-2] DEBUG com.jias.page.intercept.RequestIntercept.preHandle@40 - /page/webjars/css/app.ff80f646.css
2023-12-29 17:27:18.843 [http-nio-8888-exec-4] DEBUG com.jias.page.intercept.RequestIntercept.preHandle@40 - /page/webjars/js/app.0f2f48b5.js
2023-12-29 17:27:18.843 [http-nio-8888-exec-3] DEBUG com.jias.page.intercept.RequestIntercept.preHandle@40 - /page/webjars/css/chunk-vendors.7c767628.css
2023-12-29 17:27:18.843 [http-nio-8888-exec-5] DEBUG com.jias.page.intercept.RequestIntercept.preHandle@39 - GET
2023-12-29 17:27:18.843 [http-nio-8888-exec-5] DEBUG com.jias.page.intercept.RequestIntercept.preHandle@40 - /page/webjars/js/chunk-vendors.9a4add2b.js
2023-12-29 17:27:18.859 [http-nio-8888-exec-6] DEBUG com.jias.page.intercept.RequestIntercept.preHandle@39 - GET
2023-12-29 17:27:18.859 [http-nio-8888-exec-6] DEBUG com.jias.page.intercept.RequestIntercept.preHandle@40 - /page/webjars/js/app.0f2f48b5.js
2023-12-29 17:27:18.908 [http-nio-8888-exec-9] DEBUG com.jias.page.intercept.RequestIntercept.preHandle@39 - GET
2023-12-29 17:27:18.908 [http-nio-8888-exec-8] DEBUG com.jias.page.intercept.RequestIntercept.preHandle@39 - GET
2023-12-29 17:27:18.910 [http-nio-8888-exec-9] DEBUG com.jias.page.intercept.RequestIntercept.preHandle@40 - /page/webjars/js/chunk-0fd67716.d57e2c41.js
2023-12-29 17:27:18.910 [http-nio-8888-exec-8] DEBUG com.jias.page.intercept.RequestIntercept.preHandle@40 - /page/webjars/js/chunk-0c58d94d.d009b662.js
2023-12-29 17:27:18.918 [http-nio-8888-exec-7] DEBUG com.jias.page.intercept.RequestIntercept.preHandle@39 - GET
2023-12-29 17:27:18.918 [http-nio-8888-exec-7] DEBUG com.jias.page.intercept.RequestIntercept.preHandle@40 - /page/webjars/css/chunk-62d2fe18.8274cf04.css
2023-12-29 17:27:18.926 [http-nio-8888-exec-10] DEBUG com.jias.page.intercept.RequestIntercept.preHandle@39 - GET
2023-12-29 17:27:18.927 [http-nio-8888-exec-10] DEBUG com.jias.page.intercept.RequestIntercept.preHandle@40 - /page/webjars/js/chunk-214218f0.92c7a521.js
2023-12-29 17:27:18.927 [http-nio-8888-exec-1] DEBUG com.jias.page.intercept.RequestIntercept.preHandle@39 - GET
2023-12-29 17:27:18.927 [http-nio-8888-exec-1] DEBUG com.jias.page.intercept.RequestIntercept.preHandle@40 - /page/webjars/js/chunk-2d0af44e.c09671a4.js
2023-12-29 17:27:18.928 [http-nio-8888-exec-3] DEBUG com.jias.page.intercept.RequestIntercept.preHandle@39 - GET
2023-12-29 17:27:18.928 [http-nio-8888-exec-3] DEBUG com.jias.page.intercept.RequestIntercept.preHandle@40 - /page/webjars/js/chunk-2d0bd799.5bb1a14e.js
2023-12-29 17:27:18.936 [http-nio-8888-exec-9] DEBUG com.jias.page.intercept.RequestIntercept.preHandle@39 - GET
2023-12-29 17:27:18.936 [http-nio-8888-exec-9] DEBUG com.jias.page.intercept.RequestIntercept.preHandle@40 - /page/webjars/js/chunk-2d0d0b98.4693c46e.js
2023-12-29 17:27:18.937 [http-nio-8888-exec-4] DEBUG com.jias.page.intercept.RequestIntercept.preHandle@39 - GET
2023-12-29 17:27:18.937 [http-nio-8888-exec-4] DEBUG com.jias.page.intercept.RequestIntercept.preHandle@40 - /page/webjars/js/chunk-2d0da532.a47fb5c8.js
2023-12-29 17:27:18.937 [http-nio-8888-exec-2] DEBUG com.jias.page.intercept.RequestIntercept.preHandle@39 - GET
2023-12-29 17:27:18.938 [http-nio-8888-exec-2] DEBUG com.jias.page.intercept.RequestIntercept.preHandle@40 - /page/webjars/js/chunk-2d22269d.fc57b306.js
2023-12-29 17:27:18.947 [http-nio-8888-exec-5] DEBUG com.jias.page.intercept.RequestIntercept.preHandle@39 - GET
2023-12-29 17:27:18.947 [http-nio-8888-exec-6] DEBUG com.jias.page.intercept.RequestIntercept.preHandle@39 - GET
2023-12-29 17:27:18.948 [http-nio-8888-exec-6] DEBUG com.jias.page.intercept.RequestIntercept.preHandle@40 - /page/webjars/js/chunk-3b888a65.8737ce4f.js
2023-12-29 17:27:18.949 [http-nio-8888-exec-8] DEBUG com.jias.page.intercept.RequestIntercept.preHandle@39 - GET
2023-12-29 17:27:18.950 [http-nio-8888-exec-10] DEBUG com.jias.page.intercept.RequestIntercept.preHandle@39 - GET
2023-12-29 17:27:18.950 [http-nio-8888-exec-10] DEBUG com.jias.page.intercept.RequestIntercept.preHandle@40 - /page/webjars/js/chunk-735c675c.be4e3cfe.js
2023-12-29 17:27:18.950 [http-nio-8888-exec-5] DEBUG com.jias.page.intercept.RequestIntercept.preHandle@40 - /page/webjars/js/chunk-589faee0.1cf66f6d.js
2023-12-29 17:27:18.950 [http-nio-8888-exec-8] DEBUG com.jias.page.intercept.RequestIntercept.preHandle@40 - /page/webjars/js/chunk-62d2fe18.64c34be0.js
2023-12-29 17:27:18.952 [http-nio-8888-exec-7] DEBUG com.jias.page.intercept.RequestIntercept.preHandle@39 - GET
2023-12-29 17:27:18.952 [http-nio-8888-exec-7] DEBUG com.jias.page.intercept.RequestIntercept.preHandle@40 - /page/webjars/js/chunk-adb9e944.e09637fc.js
2023-12-29 17:27:19.215 [http-nio-8888-exec-1] DEBUG com.jias.page.intercept.RequestIntercept.preHandle@39 - GET
2023-12-29 17:27:19.215 [http-nio-8888-exec-1] DEBUG com.jias.page.intercept.RequestIntercept.preHandle@40 - /page/favicon.ico
2023-12-29 17:27:19.223 [http-nio-8888-exec-4] DEBUG com.jias.page.intercept.RequestIntercept.preHandle@39 - GET
2023-12-29 17:27:19.223 [http-nio-8888-exec-4] DEBUG com.jias.page.intercept.RequestIntercept.preHandle@40 - /page/swagger-resources
2023-12-29 17:27:19.285 [http-nio-8888-exec-9] DEBUG com.jias.page.intercept.RequestIntercept.preHandle@39 - GET
2023-12-29 17:27:19.285 [http-nio-8888-exec-9] DEBUG com.jias.page.intercept.RequestIntercept.preHandle@40 - /page/webjars/js/chunk-vendors.9a4add2b.js
2023-12-29 17:27:31.536 [restartedMain] DEBUG com.jias.page.JiasPageServeAdminApplication.logStarting@56 - Running with Spring Boot v2.5.3, Spring v5.3.9
2023-12-29 17:27:54.555 [http-nio-9998-exec-2] DEBUG com.jias.page.intercept.RequestIntercept.preHandle@39 - GET
2023-12-29 17:27:54.556 [http-nio-9998-exec-2] DEBUG com.jias.page.intercept.RequestIntercept.preHandle@40 - /admin/doc.html
2023-12-29 17:27:54.620 [http-nio-9998-exec-3] DEBUG com.jias.page.intercept.RequestIntercept.preHandle@39 - GET
2023-12-29 17:27:54.620 [http-nio-9998-exec-3] DEBUG com.jias.page.intercept.RequestIntercept.preHandle@40 - /admin/webjars/css/app.ff80f646.css
2023-12-29 17:27:54.621 [http-nio-9998-exec-5] DEBUG com.jias.page.intercept.RequestIntercept.preHandle@39 - GET
2023-12-29 17:27:54.621 [http-nio-9998-exec-5] DEBUG com.jias.page.intercept.RequestIntercept.preHandle@40 - /admin/webjars/css/chunk-vendors.7c767628.css
2023-12-29 17:27:54.628 [http-nio-9998-exec-4] DEBUG com.jias.page.intercept.RequestIntercept.preHandle@39 - GET
2023-12-29 17:27:54.628 [http-nio-9998-exec-6] DEBUG com.jias.page.intercept.RequestIntercept.preHandle@39 - GET
2023-12-29 17:27:54.629 [http-nio-9998-exec-6] DEBUG com.jias.page.intercept.RequestIntercept.preHandle@40 - /admin/webjars/js/chunk-vendors.9a4add2b.js
2023-12-29 17:27:54.629 [http-nio-9998-exec-4] DEBUG com.jias.page.intercept.RequestIntercept.preHandle@40 - /admin/webjars/js/app.0f2f48b5.js
2023-12-29 17:27:54.633 [http-nio-9998-exec-7] DEBUG com.jias.page.intercept.RequestIntercept.preHandle@39 - GET
2023-12-29 17:27:54.635 [http-nio-9998-exec-7] DEBUG com.jias.page.intercept.RequestIntercept.preHandle@40 - /admin/webjars/css/chunk-62d2fe18.8274cf04.css
2023-12-29 17:27:54.637 [http-nio-9998-exec-9] DEBUG com.jias.page.intercept.RequestIntercept.preHandle@39 - GET
2023-12-29 17:27:54.637 [http-nio-9998-exec-9] DEBUG com.jias.page.intercept.RequestIntercept.preHandle@40 - /admin/webjars/js/chunk-0c58d94d.d009b662.js
2023-12-29 17:27:54.639 [http-nio-9998-exec-8] DEBUG com.jias.page.intercept.RequestIntercept.preHandle@39 - GET
2023-12-29 17:27:54.640 [http-nio-9998-exec-8] DEBUG com.jias.page.intercept.RequestIntercept.preHandle@40 - /admin/webjars/js/chunk-0fd67716.d57e2c41.js
2023-12-29 17:27:54.640 [http-nio-9998-exec-10] DEBUG com.jias.page.intercept.RequestIntercept.preHandle@39 - GET
2023-12-29 17:27:54.641 [http-nio-9998-exec-10] DEBUG com.jias.page.intercept.RequestIntercept.preHandle@40 - /admin/webjars/js/chunk-214218f0.92c7a521.js
2023-12-29 17:27:54.646 [http-nio-9998-exec-1] DEBUG com.jias.page.intercept.RequestIntercept.preHandle@39 - GET
2023-12-29 17:27:54.646 [http-nio-9998-exec-1] DEBUG com.jias.page.intercept.RequestIntercept.preHandle@40 - /admin/webjars/js/chunk-2d0af44e.c09671a4.js
2023-12-29 17:27:54.649 [http-nio-9998-exec-2] DEBUG com.jias.page.intercept.RequestIntercept.preHandle@39 - GET
2023-12-29 17:27:54.649 [http-nio-9998-exec-5] DEBUG com.jias.page.intercept.RequestIntercept.preHandle@39 - GET
2023-12-29 17:27:54.649 [http-nio-9998-exec-2] DEBUG com.jias.page.intercept.RequestIntercept.preHandle@40 - /admin/webjars/js/chunk-2d0bd799.5bb1a14e.js
2023-12-29 17:27:54.649 [http-nio-9998-exec-5] DEBUG com.jias.page.intercept.RequestIntercept.preHandle@40 - /admin/webjars/js/chunk-2d0d0b98.4693c46e.js
2023-12-29 17:27:54.654 [http-nio-9998-exec-3] DEBUG com.jias.page.intercept.RequestIntercept.preHandle@39 - GET
2023-12-29 17:27:54.654 [http-nio-9998-exec-4] DEBUG com.jias.page.intercept.RequestIntercept.preHandle@39 - GET
2023-12-29 17:27:54.654 [http-nio-9998-exec-3] DEBUG com.jias.page.intercept.RequestIntercept.preHandle@40 - /admin/webjars/js/chunk-2d0da532.a47fb5c8.js
2023-12-29 17:27:54.655 [http-nio-9998-exec-4] DEBUG com.jias.page.intercept.RequestIntercept.preHandle@40 - /admin/webjars/js/chunk-2d22269d.fc57b306.js
2023-12-29 17:27:54.659 [http-nio-9998-exec-9] DEBUG com.jias.page.intercept.RequestIntercept.preHandle@39 - GET
2023-12-29 17:27:54.659 [http-nio-9998-exec-9] DEBUG com.jias.page.intercept.RequestIntercept.preHandle@40 - /admin/webjars/js/chunk-589faee0.1cf66f6d.js
2023-12-29 17:27:54.660 [http-nio-9998-exec-7] DEBUG com.jias.page.intercept.RequestIntercept.preHandle@39 - GET
2023-12-29 17:27:54.660 [http-nio-9998-exec-7] DEBUG com.jias.page.intercept.RequestIntercept.preHandle@40 - /admin/webjars/js/chunk-3b888a65.8737ce4f.js
2023-12-29 17:27:54.662 [http-nio-9998-exec-10] DEBUG com.jias.page.intercept.RequestIntercept.preHandle@39 - GET
2023-12-29 17:27:54.662 [http-nio-9998-exec-8] DEBUG com.jias.page.intercept.RequestIntercept.preHandle@39 - GET
2023-12-29 17:27:54.662 [http-nio-9998-exec-10] DEBUG com.jias.page.intercept.RequestIntercept.preHandle@40 - /admin/webjars/js/chunk-62d2fe18.64c34be0.js
2023-12-29 17:27:54.662 [http-nio-9998-exec-8] DEBUG com.jias.page.intercept.RequestIntercept.preHandle@40 - /admin/webjars/js/chunk-735c675c.be4e3cfe.js
2023-12-29 17:27:54.662 [http-nio-9998-exec-1] DEBUG com.jias.page.intercept.RequestIntercept.preHandle@39 - GET
2023-12-29 17:27:54.663 [http-nio-9998-exec-1] DEBUG com.jias.page.intercept.RequestIntercept.preHandle@40 - /admin/webjars/js/app.0f2f48b5.js
2023-12-29 17:27:54.664 [http-nio-9998-exec-5] DEBUG com.jias.page.intercept.RequestIntercept.preHandle@39 - GET
2023-12-29 17:27:54.665 [http-nio-9998-exec-5] DEBUG com.jias.page.intercept.RequestIntercept.preHandle@40 - /admin/webjars/js/chunk-adb9e944.e09637fc.js
2023-12-29 17:27:54.671 [http-nio-9998-exec-2] DEBUG com.jias.page.intercept.RequestIntercept.preHandle@39 - GET
2023-12-29 17:27:54.672 [http-nio-9998-exec-2] DEBUG com.jias.page.intercept.RequestIntercept.preHandle@40 - /admin/webjars/js/chunk-vendors.9a4add2b.js
2023-12-29 17:27:54.862 [http-nio-9998-exec-6] DEBUG com.jias.page.intercept.RequestIntercept.preHandle@39 - GET
2023-12-29 17:27:54.863 [http-nio-9998-exec-6] DEBUG com.jias.page.intercept.RequestIntercept.preHandle@40 - /admin/favicon.ico
2023-12-29 17:27:54.865 [http-nio-9998-exec-3] DEBUG com.jias.page.intercept.RequestIntercept.preHandle@39 - GET
2023-12-29 17:27:54.865 [http-nio-9998-exec-3] DEBUG com.jias.page.intercept.RequestIntercept.preHandle@40 - /admin/swagger-resources
2023-12-29 17:27:54.869 [http-nio-9998-exec-6] DEBUG com.jias.page.intercept.RequestIntercept.preHandle@39 - GET
2023-12-29 17:27:54.869 [http-nio-9998-exec-6] DEBUG com.jias.page.intercept.RequestIntercept.preHandle@40 - /admin/error
2023-12-29 17:28:09.258 [http-nio-8888-exec-8] DEBUG com.jias.page.intercept.RequestIntercept.preHandle@39 - GET
2023-12-29 17:28:09.258 [http-nio-8888-exec-6] DEBUG com.jias.page.intercept.RequestIntercept.preHandle@39 - GET
2023-12-29 17:28:09.258 [http-nio-8888-exec-5] DEBUG com.jias.page.intercept.RequestIntercept.preHandle@39 - GET
2023-12-29 17:28:09.258 [http-nio-8888-exec-2] DEBUG com.jias.page.intercept.RequestIntercept.preHandle@39 - GET
2023-12-29 17:28:09.258 [http-nio-8888-exec-5] DEBUG com.jias.page.intercept.RequestIntercept.preHandle@40 - /page/webjars/js/chunk-adb9e944.e09637fc.js
2023-12-29 17:28:09.258 [http-nio-8888-exec-8] DEBUG com.jias.page.intercept.RequestIntercept.preHandle@40 - /page/webjars/js/chunk-0c58d94d.d009b662.js
2023-12-29 17:28:09.258 [http-nio-8888-exec-6] DEBUG com.jias.page.intercept.RequestIntercept.preHandle@40 - /page/webjars/js/chunk-62d2fe18.64c34be0.js
2023-12-29 17:28:09.258 [http-nio-8888-exec-2] DEBUG com.jias.page.intercept.RequestIntercept.preHandle@40 - /page/webjars/css/chunk-62d2fe18.8274cf04.css
2023-12-29 17:28:09.268 [http-nio-8888-exec-10] DEBUG com.jias.page.intercept.RequestIntercept.preHandle@39 - GET
2023-12-29 17:28:09.268 [http-nio-8888-exec-1] DEBUG com.jias.page.intercept.RequestIntercept.preHandle@39 - GET
2023-12-29 17:28:09.268 [http-nio-8888-exec-7] DEBUG com.jias.page.intercept.RequestIntercept.preHandle@39 - GET
2023-12-29 17:28:09.268 [http-nio-8888-exec-10] DEBUG com.jias.page.intercept.RequestIntercept.preHandle@40 - /page/webjars/js/chunk-adb9e944.e09637fc.js
2023-12-29 17:28:09.268 [http-nio-8888-exec-1] DEBUG com.jias.page.intercept.RequestIntercept.preHandle@40 - /page/webjars/js/chunk-0c58d94d.d009b662.js
2023-12-29 17:28:09.268 [http-nio-8888-exec-7] DEBUG com.jias.page.intercept.RequestIntercept.preHandle@40 - /page/webjars/js/chunk-62d2fe18.64c34be0.js
2023-12-29 17:28:09.295 [http-nio-8888-exec-3] DEBUG com.jias.page.intercept.RequestIntercept.preHandle@39 - GET
2023-12-29 17:28:09.295 [http-nio-8888-exec-9] DEBUG com.jias.page.intercept.RequestIntercept.preHandle@39 - GET
2023-12-29 17:28:09.295 [http-nio-8888-exec-3] DEBUG com.jias.page.intercept.RequestIntercept.preHandle@40 - /page/webjars/js/chunk-2d0af44e.c09671a4.js
2023-12-29 17:28:09.295 [http-nio-8888-exec-9] DEBUG com.jias.page.intercept.RequestIntercept.preHandle@40 - /page/webjars/js/chunk-214218f0.92c7a521.js
2023-12-29 17:28:09.297 [http-nio-8888-exec-4] DEBUG com.jias.page.intercept.RequestIntercept.preHandle@39 - GET
2023-12-29 17:28:09.297 [http-nio-8888-exec-4] DEBUG com.jias.page.intercept.RequestIntercept.preHandle@40 - /page/webjars/js/chunk-3b888a65.8737ce4f.js
2023-12-29 17:28:09.306 [http-nio-8888-exec-2] DEBUG com.jias.page.intercept.RequestIntercept.preHandle@39 - GET
2023-12-29 17:28:09.306 [http-nio-8888-exec-2] DEBUG com.jias.page.intercept.RequestIntercept.preHandle@40 - /page/webjars/js/chunk-2d0bd799.5bb1a14e.js
2023-12-29 17:28:09.414 [http-nio-8888-exec-10] DEBUG com.jias.page.intercept.RequestIntercept.preHandle@39 - GET
2023-12-29 17:28:09.414 [http-nio-8888-exec-5] DEBUG com.jias.page.intercept.RequestIntercept.preHandle@39 - GET
2023-12-29 17:28:09.414 [http-nio-8888-exec-6] DEBUG com.jias.page.intercept.RequestIntercept.preHandle@39 - GET
2023-12-29 17:28:09.414 [http-nio-8888-exec-8] DEBUG com.jias.page.intercept.RequestIntercept.preHandle@39 - GET
2023-12-29 17:28:09.415 [http-nio-8888-exec-10] DEBUG com.jias.page.intercept.RequestIntercept.preHandle@40 - /page/webjars/js/chunk-2d0bd799.5bb1a14e.js
2023-12-29 17:28:09.415 [http-nio-8888-exec-6] DEBUG com.jias.page.intercept.RequestIntercept.preHandle@40 - /page/webjars/js/chunk-214218f0.92c7a521.js
2023-12-29 17:28:09.415 [http-nio-8888-exec-5] DEBUG com.jias.page.intercept.RequestIntercept.preHandle@40 - /page/webjars/js/chunk-2d0af44e.c09671a4.js
2023-12-29 17:28:09.415 [http-nio-8888-exec-8] DEBUG com.jias.page.intercept.RequestIntercept.preHandle@40 - /page/webjars/js/chunk-3b888a65.8737ce4f.js
2023-12-29 17:28:10.423 [http-nio-8888-exec-7] DEBUG com.jias.page.intercept.RequestIntercept.preHandle@39 - GET
2023-12-29 17:28:10.423 [http-nio-8888-exec-1] DEBUG com.jias.page.intercept.RequestIntercept.preHandle@39 - GET
2023-12-29 17:28:10.423 [http-nio-8888-exec-3] DEBUG com.jias.page.intercept.RequestIntercept.preHandle@39 - GET
2023-12-29 17:28:10.425 [http-nio-8888-exec-3] DEBUG com.jias.page.intercept.RequestIntercept.preHandle@40 - /page/webjars/js/chunk-589faee0.1cf66f6d.js
2023-12-29 17:28:10.425 [http-nio-8888-exec-1] DEBUG com.jias.page.intercept.RequestIntercept.preHandle@40 - /page/webjars/js/chunk-2d22269d.fc57b306.js
2023-12-29 17:28:10.425 [http-nio-8888-exec-7] DEBUG com.jias.page.intercept.RequestIntercept.preHandle@40 - /page/webjars/js/chunk-0fd67716.d57e2c41.js
2023-12-29 17:28:10.432 [http-nio-8888-exec-9] DEBUG com.jias.page.intercept.RequestIntercept.preHandle@39 - GET
2023-12-29 17:28:10.433 [http-nio-8888-exec-9] DEBUG com.jias.page.intercept.RequestIntercept.preHandle@40 - /page/webjars/js/chunk-589faee0.1cf66f6d.js
2023-12-29 17:28:10.434 [http-nio-8888-exec-2] DEBUG com.jias.page.intercept.RequestIntercept.preHandle@39 - GET
2023-12-29 17:28:10.434 [http-nio-8888-exec-2] DEBUG com.jias.page.intercept.RequestIntercept.preHandle@40 - /page/webjars/js/chunk-0fd67716.d57e2c41.js
2023-12-29 17:28:10.434 [http-nio-8888-exec-4] DEBUG com.jias.page.intercept.RequestIntercept.preHandle@39 - GET
2023-12-29 17:28:10.434 [http-nio-8888-exec-4] DEBUG com.jias.page.intercept.RequestIntercept.preHandle@40 - /page/webjars/js/chunk-2d22269d.fc57b306.js
2023-12-29 17:28:19.078 [http-nio-8888-exec-5] DEBUG com.jias.page.intercept.RequestIntercept.preHandle@39 - GET
2023-12-29 17:28:19.078 [http-nio-8888-exec-5] DEBUG com.jias.page.intercept.RequestIntercept.preHandle@40 - /page/user/userList
2023-12-29 17:28:19.186 [http-nio-8888-exec-10] DEBUG com.jias.page.intercept.RequestIntercept.preHandle@39 - GET
2023-12-29 17:28:19.186 [http-nio-8888-exec-10] DEBUG com.jias.page.intercept.RequestIntercept.preHandle@40 - /page/webjars/js/chunk-735c675c.be4e3cfe.js
2023-12-29 17:28:19.195 [http-nio-8888-exec-8] DEBUG com.jias.page.intercept.RequestIntercept.preHandle@39 - GET
2023-12-29 17:28:19.195 [http-nio-8888-exec-8] DEBUG com.jias.page.intercept.RequestIntercept.preHandle@40 - /page/webjars/js/chunk-735c675c.be4e3cfe.js
2023-12-29 17:36:26.360 [http-nio-9998-exec-4] DEBUG com.jias.page.intercept.RequestIntercept.preHandle@39 - GET
2023-12-29 17:36:26.360 [http-nio-9998-exec-1] DEBUG com.jias.page.intercept.RequestIntercept.preHandle@39 - GET
2023-12-29 17:36:26.360 [http-nio-9998-exec-6] DEBUG com.jias.page.intercept.RequestIntercept.preHandle@39 - GET
2023-12-29 17:36:26.360 [http-nio-9998-exec-10] DEBUG com.jias.page.intercept.RequestIntercept.preHandle@39 - GET
2023-12-29 17:36:26.361 [http-nio-9998-exec-6] DEBUG com.jias.page.intercept.RequestIntercept.preHandle@40 - /admin/webjars/css/chunk-62d2fe18.8274cf04.css
2023-12-29 17:36:26.361 [http-nio-9998-exec-1] DEBUG com.jias.page.intercept.RequestIntercept.preHandle@40 - /admin/webjars/js/chunk-0c58d94d.d009b662.js
2023-12-29 17:36:26.361 [http-nio-9998-exec-4] DEBUG com.jias.page.intercept.RequestIntercept.preHandle@40 - /admin/webjars/js/chunk-62d2fe18.64c34be0.js
2023-12-29 17:36:26.361 [http-nio-9998-exec-10] DEBUG com.jias.page.intercept.RequestIntercept.preHandle@40 - /admin/webjars/js/chunk-adb9e944.e09637fc.js
2023-12-29 17:36:26.406 [http-nio-9998-exec-3] DEBUG com.jias.page.intercept.RequestIntercept.preHandle@39 - GET
2023-12-29 17:36:26.406 [http-nio-9998-exec-8] DEBUG com.jias.page.intercept.RequestIntercept.preHandle@39 - GET
2023-12-29 17:36:26.406 [http-nio-9998-exec-7] DEBUG com.jias.page.intercept.RequestIntercept.preHandle@39 - GET
2023-12-29 17:36:26.407 [http-nio-9998-exec-3] DEBUG com.jias.page.intercept.RequestIntercept.preHandle@40 - /admin/webjars/js/chunk-2d0af44e.c09671a4.js
2023-12-29 17:36:26.407 [http-nio-9998-exec-8] DEBUG com.jias.page.intercept.RequestIntercept.preHandle@40 - /admin/webjars/js/chunk-3b888a65.8737ce4f.js
2023-12-29 17:36:26.407 [http-nio-9998-exec-7] DEBUG com.jias.page.intercept.RequestIntercept.preHandle@40 - /admin/webjars/js/chunk-214218f0.92c7a521.js
2023-12-29 17:36:26.428 [http-nio-9998-exec-9] DEBUG com.jias.page.intercept.RequestIntercept.preHandle@39 - GET
2023-12-29 17:36:26.430 [http-nio-9998-exec-9] DEBUG com.jias.page.intercept.RequestIntercept.preHandle@40 - /admin/webjars/js/chunk-2d0bd799.5bb1a14e.js
2023-12-29 17:36:27.669 [http-nio-9998-exec-10] DEBUG com.jias.page.intercept.RequestIntercept.preHandle@39 - GET
2023-12-29 17:36:27.669 [http-nio-9998-exec-5] DEBUG com.jias.page.intercept.RequestIntercept.preHandle@39 - GET
2023-12-29 17:36:27.669 [http-nio-9998-exec-2] DEBUG com.jias.page.intercept.RequestIntercept.preHandle@39 - GET
2023-12-29 17:36:27.669 [http-nio-9998-exec-10] DEBUG com.jias.page.intercept.RequestIntercept.preHandle@40 - /admin/webjars/js/chunk-589faee0.1cf66f6d.js
2023-12-29 17:36:27.669 [http-nio-9998-exec-5] DEBUG com.jias.page.intercept.RequestIntercept.preHandle@40 - /admin/webjars/js/chunk-0fd67716.d57e2c41.js
2023-12-29 17:36:27.669 [http-nio-9998-exec-2] DEBUG com.jias.page.intercept.RequestIntercept.preHandle@40 - /admin/webjars/js/chunk-2d22269d.fc57b306.js
2023-12-29 17:36:27.677 [http-nio-9998-exec-6] DEBUG com.jias.page.intercept.RequestIntercept.preHandle@39 - GET
2023-12-29 17:36:27.677 [http-nio-9998-exec-4] DEBUG com.jias.page.intercept.RequestIntercept.preHandle@39 - GET
2023-12-29 17:36:27.677 [http-nio-9998-exec-1] DEBUG com.jias.page.intercept.RequestIntercept.preHandle@39 - GET
2023-12-29 17:36:27.678 [http-nio-9998-exec-4] DEBUG com.jias.page.intercept.RequestIntercept.preHandle@40 - /admin/webjars/js/chunk-0fd67716.d57e2c41.js
2023-12-29 17:36:27.678 [http-nio-9998-exec-6] DEBUG com.jias.page.intercept.RequestIntercept.preHandle@40 - /admin/webjars/js/chunk-589faee0.1cf66f6d.js
2023-12-29 17:36:27.678 [http-nio-9998-exec-1] DEBUG com.jias.page.intercept.RequestIntercept.preHandle@40 - /admin/webjars/js/chunk-2d22269d.fc57b306.js
2023-12-29 17:36:43.938 [http-nio-9998-exec-3] DEBUG com.jias.page.intercept.RequestIntercept.preHandle@39 - GET
2023-12-29 17:36:43.939 [http-nio-9998-exec-3] DEBUG com.jias.page.intercept.RequestIntercept.preHandle@40 - /admin/webjars/js/chunk-735c675c.be4e3cfe.js
2023-12-29 17:36:43.947 [http-nio-9998-exec-8] DEBUG com.jias.page.intercept.RequestIntercept.preHandle@39 - GET
2023-12-29 17:36:43.948 [http-nio-9998-exec-8] DEBUG com.jias.page.intercept.RequestIntercept.preHandle@40 - /admin/webjars/js/chunk-735c675c.be4e3cfe.js
2023-12-29 17:37:11.155 [http-nio-9998-exec-9] DEBUG com.jias.page.intercept.RequestIntercept.preHandle@39 - POST
2023-12-29 17:37:11.158 [http-nio-9998-exec-9] DEBUG com.jias.page.intercept.RequestIntercept.preHandle@40 - /admin/user/login
2023-12-29 17:37:54.784 [http-nio-9998-exec-7] DEBUG com.jias.page.intercept.RequestIntercept.preHandle@39 - POST
2023-12-29 17:37:54.785 [http-nio-9998-exec-7] DEBUG com.jias.page.intercept.RequestIntercept.preHandle@40 - /admin/user/add
2023-12-29 17:38:09.345 [http-nio-9998-exec-3] DEBUG com.jias.page.intercept.RequestIntercept.preHandle@39 - POST
2023-12-29 17:38:09.345 [http-nio-9998-exec-3] DEBUG com.jias.page.intercept.RequestIntercept.preHandle@40 - /admin/user/add
2023-12-29 17:38:55.621 [http-nio-9998-exec-8] DEBUG com.jias.page.intercept.RequestIntercept.preHandle@39 - POST
2023-12-29 17:38:55.622 [http-nio-9998-exec-8] DEBUG com.jias.page.intercept.RequestIntercept.preHandle@40 - /admin/user/add
2023-12-29 17:40:20.320 [http-nio-9998-exec-5] DEBUG com.jias.page.intercept.RequestIntercept.preHandle@39 - GET
2023-12-29 17:40:20.320 [http-nio-9998-exec-1] DEBUG com.jias.page.intercept.RequestIntercept.preHandle@39 - GET
2023-12-29 17:40:20.320 [http-nio-9998-exec-2] DEBUG com.jias.page.intercept.RequestIntercept.preHandle@39 - GET
2023-12-29 17:40:20.321 [http-nio-9998-exec-5] DEBUG com.jias.page.intercept.RequestIntercept.preHandle@40 - /admin/webjars/css/app.ff80f646.css
2023-12-29 17:40:20.321 [http-nio-9998-exec-2] DEBUG com.jias.page.intercept.RequestIntercept.preHandle@40 - /admin/webjars/css/chunk-vendors.7c767628.css
2023-12-29 17:40:20.321 [http-nio-9998-exec-1] DEBUG com.jias.page.intercept.RequestIntercept.preHandle@40 - /admin/webjars/css/chunk-62d2fe18.8274cf04.css
2023-12-29 17:40:24.385 [http-nio-9998-exec-10] DEBUG com.jias.page.intercept.RequestIntercept.preHandle@39 - POST
2023-12-29 17:40:24.385 [http-nio-9998-exec-10] DEBUG com.jias.page.intercept.RequestIntercept.preHandle@40 - /admin/user/add
2023-12-29 17:40:52.049 [http-nio-9998-exec-6] DEBUG com.jias.page.intercept.RequestIntercept.preHandle@39 - POST
2023-12-29 17:40:52.050 [http-nio-9998-exec-6] DEBUG com.jias.page.intercept.RequestIntercept.preHandle@40 - /admin/user/add
2023-12-29 17:41:11.896 [http-nio-9998-exec-4] DEBUG com.jias.page.intercept.RequestIntercept.preHandle@39 - POST
2023-12-29 17:41:11.897 [http-nio-9998-exec-4] DEBUG com.jias.page.intercept.RequestIntercept.preHandle@40 - /admin/user/add
2023-12-29 17:42:45.996 [restartedMain] DEBUG com.jias.page.JiasPageServeAdminApplication.logStarting@56 - Running with Spring Boot v2.5.3, Spring v5.3.9
2023-12-29 17:57:13.122 [restartedMain] DEBUG com.jias.page.JiasPageServeAdminApplication.logStarting@56 - Running with Spring Boot v2.5.3, Spring v5.3.9
2023-12-29 18:09:01.935 [restartedMain] DEBUG com.jias.page.JiasPageServeAdminApplication.logStarting@56 - Running with Spring Boot v2.5.3, Spring v5.3.9
2023-12-29 18:40:40.272 [restartedMain] DEBUG com.jias.page.JiasPageServeAdminApplication.logStarting@56 - Running with Spring Boot v2.5.3, Spring v5.3.9
2023-12-29 19:11:42.598 [restartedMain] DEBUG com.jias.page.JiasPageServeAdminApplication.logStarting@56 - Running with Spring Boot v2.5.3, Spring v5.3.9
2023-12-29 19:13:45.500 [restartedMain] DEBUG com.jias.page.JiasPageServeAdminApplication.logStarting@56 - Running with Spring Boot v2.5.3, Spring v5.3.9
2023-12-29 20:04:17.183 [restartedMain] DEBUG com.jias.page.JiasPageServeAdminApplication.logStarting@56 - Running with Spring Boot v2.5.3, Spring v5.3.9
2023-12-29 20:04:17.702 [restartedMain] DEBUG com.jias.page.JiasPageServeAdminApplication.logStarting@56 - Running with Spring Boot v2.5.3, Spring v5.3.9
2023-12-29 20:05:52.278 [restartedMain] DEBUG com.jias.page.JiasPageServeAdminApplication.logStarting@56 - Running with Spring Boot v2.5.3, Spring v5.3.9
2023-12-29 20:06:55.146 [restartedMain] DEBUG com.jias.page.JiasPageServeAdminApplication.logStarting@56 - Running with Spring Boot v2.5.3, Spring v5.3.9
2023-12-29 20:10:34.923 [restartedMain] DEBUG com.jias.page.JiasPageServeAdminApplication.logStarting@56 - Running with Spring Boot v2.5.3, Spring v5.3.9
2023-12-29 20:11:36.409 [restartedMain] DEBUG com.jias.page.JiasPageServeAdminApplication.logStarting@56 - Running with Spring Boot v2.5.3, Spring v5.3.9
2023-12-29 20:18:05.625 [restartedMain] DEBUG com.jias.page.JiasPageServeAdminApplication.logStarting@56 - Running with Spring Boot v2.5.3, Spring v5.3.9
2023-12-29 20:23:45.946 [restartedMain] DEBUG com.jias.page.JiasPageServeAdminApplication.logStarting@56 - Running with Spring Boot v2.5.3, Spring v5.3.9
2023-12-29 20:35:37.268 [restartedMain] DEBUG com.jias.page.JiasPageServeAdminApplication.logStarting@56 - Running with Spring Boot v2.5.3, Spring v5.3.9
2023-12-29 20:36:47.246 [restartedMain] DEBUG com.jias.page.JiasPageServeAdminApplication.logStarting@56 - Running with Spring Boot v2.5.3, Spring v5.3.9
2023-12-29 20:44:53.618 [restartedMain] DEBUG com.jias.page.JiasPageServeAdminApplication.logStarting@56 - Running with Spring Boot v2.5.3, Spring v5.3.9
2023-12-29 21:13:47.338 [restartedMain] DEBUG com.jias.page.JiasPageServeAdminApplication.logStarting@56 - Running with Spring Boot v2.5.3, Spring v5.3.9
2023-12-29 21:19:43.150 [restartedMain] DEBUG com.jias.page.JiasPageServeAdminApplication.logStarting@56 - Running with Spring Boot v2.5.3, Spring v5.3.9
2023-12-29 21:22:19.323 [restartedMain] DEBUG com.jias.page.JiasPageServeAdminApplication.logStarting@56 - Running with Spring Boot v2.5.3, Spring v5.3.9
2023-12-29 21:25:21.101 [restartedMain] DEBUG com.jias.page.JiasPageServeAdminApplication.logStarting@56 - Running with Spring Boot v2.5.3, Spring v5.3.9
2023-12-29 21:28:29.789 [restartedMain] DEBUG com.jias.page.JiasPageServeAdminApplication.logStarting@56 - Running with Spring Boot v2.5.3, Spring v5.3.9
2023-12-29 21:30:09.985 [restartedMain] DEBUG com.jias.page.JiasPageServeAdminApplication.logStarting@56 - Running with Spring Boot v2.5.3, Spring v5.3.9
2023-12-29 21:34:31.950 [restartedMain] DEBUG com.jias.page.JiasPageServeAdminApplication.logStarting@56 - Running with Spring Boot v2.5.3, Spring v5.3.9
2023-12-29 21:37:24.896 [restartedMain] DEBUG com.jias.page.JiasPageServeAdminApplication.logStarting@56 - Running with Spring Boot v2.5.3, Spring v5.3.9
2023-12-29 21:41:25.581 [restartedMain] DEBUG com.jias.page.JiasPageServeAdminApplication.logStarting@56 - Running with Spring Boot v2.5.3, Spring v5.3.9
2023-12-29 21:42:24.980 [restartedMain] DEBUG com.jias.page.JiasPageServeAdminApplication.logStarting@56 - Running with Spring Boot v2.5.3, Spring v5.3.9
2023-12-29 21:48:17.207 [restartedMain] DEBUG com.jias.page.JiasPageServeAdminApplication.logStarting@56 - Running with Spring Boot v2.5.3, Spring v5.3.9
